0 silly argv {
0 silly argv   _: [ 'create' ],
0 silly argv   lernaVersion: '3.22.1',
0 silly argv   '$0': '/Users/alessiolibardi/.nvm/versions/node/v14.15.0/bin/lerna',
0 silly argv   name: 'react-components'
0 silly argv }
1 notice cli v3.22.1
2 verbose rootPath /Users/alessiolibardi/Documents/projects/personal/monorepo
3 info versioning independent
4 warn ENOREMOTE No git remote found, skipping repository property
5 error Error: canceled
5 error     at Interface.<anonymous> (/Users/alessiolibardi/.nvm/versions/node/v14.15.0/lib/node_modules/lerna/node_modules/read/lib/read.js:66:13)
5 error     at Interface.emit (node:events:379:20)
5 error     at Interface._ttyWrite (node:readline:910:16)
5 error     at ReadStream.onkeypress (node:readline:235:10)
5 error     at ReadStream.emit (node:events:379:20)
5 error     at emitKeys (node:internal/readline/utils:358:14)
5 error     at emitKeys.next (<anonymous>)
5 error     at ReadStream.onData (node:readline:1179:36)
5 error     at ReadStream.emit (node:events:379:20)
5 error     at addChunk (node:internal/streams/readable:313:12)
5 error     at readableAddChunk (node:internal/streams/readable:288:9)
5 error     at ReadStream.Readable.push (node:internal/streams/readable:227:10)
